<?xml version="1.0" encoding="UTF-8"?>
<!-- Generated by org.testng.reporters.JUnitReportReporter -->
<testsuite hostname="DESKTOP-6IVHGF6" failures="0" tests="2" name="com.AppiumTest.GenymotionDevice.AppTest" time="16.474" errors="0" timestamp="2024-11-16T14:54:15 IST" skipped="0">
  <testcase classname="com.AppiumTest.GenymotionDevice.AppTest" name="search" time="9.202"/>
  <system-out/>
  <testcase classname="com.AppiumTest.GenymotionDevice.AppTest" name="scrollDown" time="7.272"/>
  <system-out/>
</testsuite> <!-- com.AppiumTest.GenymotionDevice.AppTest -->
