<?xml version="1.0" encoding="UTF-8"?>
<!-- Generated by org.testng.reporters.JUnitReportReporter -->
<testsuite hostname="DESKTOP-6IVHGF6" failures="0" tests="2" name="com.AppiumTest.GenymotionDevice.BrowserTest" time="15.657" errors="0" timestamp="2024-11-16T15:47:31 IST" skipped="0">
  <testcase classname="com.AppiumTest.GenymotionDevice.BrowserTest" name="search" time="8.100"/>
  <system-out/>
  <testcase classname="com.AppiumTest.GenymotionDevice.BrowserTest" name="SelectOption" time="7.557"/>
  <system-out/>
</testsuite> <!-- com.AppiumTest.GenymotionDevice.BrowserTest -->
