<?xml version="1.0" encoding="UTF-8"?>
<!-- Generated by org.testng.reporters.JUnitReportReporter -->
<testsuite hostname="DESKTOP-6IVHGF6" failures="0" tests="3" name="AppiumTest.appiumTestAutomation.CalculatorTest" time="21.029" errors="0" timestamp="2024-11-15T15:37:46 IST" skipped="0">
  <testcase classname="AppiumTest.appiumTestAutomation.CalculatorTest" name="Add" time="9.744"/>
  <system-out/>
  <testcase classname="AppiumTest.appiumTestAutomation.CalculatorTest" name="multiplication" time="3.367"/>
  <system-out/>
  <testcase classname="AppiumTest.appiumTestAutomation.CalculatorTest" name="substraction" time="7.918"/>
  <system-out/>
</testsuite> <!-- AppiumTest.appiumTestAutomation.CalculatorTest -->
