<?xml version="1.0" encoding="UTF-8"?>
<!-- Generated by org.testng.reporters.JUnitReportReporter -->
<testsuite hostname="DESKTOP-6IVHGF6" failures="0" tests="4" name="com.AppiumTest.RealDevice.CalculatorOnRealDeviceTest" time="26.194" errors="0" timestamp="2024-11-16T13:56:17 IST" skipped="0">
  <testcase classname="com.AppiumTest.RealDevice.CalculatorOnRealDeviceTest" name="division" time="3.730"/>
  <system-out/>
  <testcase classname="com.AppiumTest.RealDevice.CalculatorOnRealDeviceTest" name="addition" time="15.279"/>
  <system-out/>
  <testcase classname="com.AppiumTest.RealDevice.CalculatorOnRealDeviceTest" name="substraction" time="3.770"/>
  <system-out/>
  <testcase classname="com.AppiumTest.RealDevice.CalculatorOnRealDeviceTest" name="multiply" time="3.415"/>
  <system-out/>
</testsuite> <!-- com.AppiumTest.RealDevice.CalculatorOnRealDeviceTest -->
